<?xml version="1.0" encoding="UTF-8"?>
<!-- Generated by org.testng.reporters.JUnitXMLReporter -->
<testsuite ignored="0" hostname="promodes-MacBook-Pro.local" failures="1" tests="2" name="Surefire test" time="5.164" errors="0" timestamp="2026-03-14T10:28:36 IST">
  <testcase classname="tests.LoginTests" name="testInvalidLogin" time="0.565"/>
  <testcase classname="tests.LoginTests" name="testValidLogin" time="0.721">
    <failure type="java.lang.AssertionError" message="Error message appeared for valid user. expected [false] but found [true]">
      <![CDATA[java.lang.AssertionError: Error message appeared for valid user. expected [false] but found [true]
at tests.LoginTests.testValidLogin(LoginTests.java:53)
at java.base/java.util.ArrayList.forEach(ArrayList.java:1597)
... Removed 33 stack frames]]>
    </failure>
  </testcase> <!-- testValidLogin -->
</testsuite> <!-- Surefire test -->
